\BOOKMARK [1][-]{section.1}{\376\377\000I\000n\000t\000r\000o\000d\000u\000c\000t\000i\000o\000n}{}% 1
\BOOKMARK [2][-]{subsection.1.1}{\376\377\000B\000a\000c\000k\000g\000r\000o\000u\000n\000d\000\040\000a\000n\000d\000\040\000M\000o\000t\000i\000v\000a\000t\000i\000o\000n}{section.1}% 2
\BOOKMARK [3][-]{subsubsection.1.1.1}{\376\377\000C\000o\000m\000p\000u\000l\000s\000o\000r\000y\000\040\000M\000o\000t\000i\000v\000a\000t\000o\000r\000s\000\040\000\050\000A\000s\000s\000i\000g\000n\000m\000e\000n\000t\000\040\000B\000r\000i\000e\000f\000\051}{subsection.1.1}% 3
\BOOKMARK [3][-]{subsubsection.1.1.2}{\376\377\000C\000h\000a\000t\000b\000o\000t\000\040\000H\000i\000s\000t\000o\000r\000y}{subsection.1.1}% 4
\BOOKMARK [2][-]{subsection.1.2}{\376\377\000A\000i\000m\000\040\000a\000n\000d\000\040\000O\000b\000j\000e\000c\000t\000i\000v\000e}{section.1}% 5
\BOOKMARK [3][-]{subsubsection.1.2.1}{\376\377\000F\000i\000n\000d\000i\000n\000g\000\040\000t\000h\000e\000\040\000C\000h\000e\000a\000p\000e\000s\000t\000\040\000T\000i\000c\000k\000e\000t}{subsection.1.2}% 6
\BOOKMARK [3][-]{subsubsection.1.2.2}{\376\377\000I\000m\000p\000r\000o\000v\000i\000n\000g\000\040\000C\000u\000s\000t\000o\000m\000e\000r\000\040\000S\000e\000r\000v\000i\000c\000e}{subsection.1.2}% 7
\BOOKMARK [2][-]{subsection.1.3}{\376\377\000D\000i\000f\000f\000i\000c\000u\000l\000t\000i\000e\000s\000\040\000a\000n\000d\000\040\000R\000i\000s\000k\000s}{section.1}% 8
\BOOKMARK [2][-]{subsection.1.4}{\376\377\000W\000o\000r\000k\000\040\000P\000l\000a\000n}{section.1}% 9
\BOOKMARK [1][-]{section.2}{\376\377\000R\000e\000l\000a\000t\000e\000d\000\040\000W\000o\000r\000k}{}% 10
\BOOKMARK [1][-]{section.3}{\376\377\000M\000e\000t\000h\000o\000d\000s\000,\000\040\000T\000o\000o\000l\000s\000\040\000a\000n\000d\000\040\000F\000r\000a\000m\000e\000w\000o\000r\000k\000s}{}% 11
\BOOKMARK [2][-]{subsection.3.1}{\376\377\000M\000e\000t\000h\000o\000d\000s}{section.3}% 12
\BOOKMARK [2][-]{subsection.3.2}{\376\377\000L\000a\000n\000g\000u\000a\000g\000e\000s\000,\000\040\000P\000a\000c\000k\000a\000g\000e\000s\000,\000\040\000T\000o\000o\000l\000s}{section.3}% 13
\BOOKMARK [2][-]{subsection.3.3}{\376\377\000D\000e\000v\000e\000l\000o\000p\000m\000e\000n\000t\000\040\000F\000r\000a\000m\000e\000w\000o\000r\000k}{section.3}% 14
\BOOKMARK [1][-]{section.4}{\376\377\000D\000e\000s\000i\000g\000n\000\040\000o\000f\000\040\000t\000h\000e\000\040\000C\000h\000a\000t\000b\000o\000t}{}% 15
\BOOKMARK [2][-]{subsection.4.1}{\376\377\000T\000h\000e\000\040\000A\000r\000c\000h\000i\000t\000e\000c\000t\000u\000r\000e\000\040\000o\000f\000\040\000t\000h\000e\000\040\000c\000h\000a\000t\000b\000o\000t}{section.4}% 16
\BOOKMARK [2][-]{subsection.4.2}{\376\377\000U\000s\000e\000r\000\040\000I\000n\000t\000e\000r\000f\000a\000c\000e}{section.4}% 17
\BOOKMARK [2][-]{subsection.4.3}{\376\377\000W\000e\000b\000s\000c\000r\000a\000p\000i\000n\000g}{section.4}% 18
\BOOKMARK [2][-]{subsection.4.4}{\376\377\000N\000L\000P}{section.4}% 19
\BOOKMARK [2][-]{subsection.4.5}{\376\377\000K\000n\000o\000w\000l\000e\000d\000g\000e\000b\000a\000s\000e}{section.4}% 20
\BOOKMARK [2][-]{subsection.4.6}{\376\377\000I\000n\000f\000e\000r\000r\000i\000n\000g\000\040\000E\000n\000g\000i\000n\000e}{section.4}% 21
\BOOKMARK [2][-]{subsection.4.7}{\376\377\000D\000e\000l\000a\000y\000\040\000P\000r\000e\000d\000i\000c\000t\000i\000o\000n\000\040\000M\000o\000d\000e\000l\000s}{section.4}% 22
\BOOKMARK [2][-]{subsection.4.8}{\376\377\000C\000o\000n\000v\000e\000r\000s\000a\000t\000i\000o\000n\000\040\000C\000o\000n\000t\000r\000o\000l}{section.4}% 23
\BOOKMARK [1][-]{section.5}{\376\377\000I\000m\000p\000l\000e\000m\000e\000n\000t\000a\000t\000i\000o\000n}{}% 24
\BOOKMARK [1][-]{section.6}{\376\377\000T\000e\000s\000t\000i\000n\000g}{}% 25
\BOOKMARK [2][-]{subsection.6.1}{\376\377\000U\000n\000i\000t\000\040\000T\000e\000s\000t\000i\000n\000g}{section.6}% 26
\BOOKMARK [2][-]{subsection.6.2}{\376\377\000I\000n\000t\000e\000g\000r\000a\000t\000i\000o\000n\000\040\000T\000e\000s\000t\000i\000n\000g}{section.6}% 27
\BOOKMARK [2][-]{subsection.6.3}{\376\377\000S\000y\000s\000t\000e\000m\000\040\000T\000e\000s\000t\000i\000n\000g}{section.6}% 28
\BOOKMARK [2][-]{subsection.6.4}{\376\377\000U\000s\000e\000r\000b\000i\000l\000i\000t\000y\000\040\000T\000e\000s\000t\000i\000n\000g}{section.6}% 29
\BOOKMARK [1][-]{section.7}{\376\377\000E\000v\000a\000l\000u\000a\000t\000i\000o\000n\000\040\000a\000n\000d\000\040\000D\000i\000s\000c\000u\000s\000s\000i\000o\000n}{}% 30
\BOOKMARK [1][-]{section.8}{\376\377\000C\000o\000n\000c\000l\000u\000s\000i\000o\000n}{}% 31
